INFO: [VRFC 10-163] Analyzing VHDL file "C:/Users/croci/CAN/CAN.srcs/sources_1/new/FF.vhd" into library xil_defaultlib
INFO: [VRFC 10-3107] analyzing entity 'FF'
INFO: [VRFC 10-163] Analyzing VHDL file "C:/Users/croci/CAN/CAN.srcs/sources_1/new/BTU.vhd" into library xil_defaultlib
INFO: [VRFC 10-3107] analyzing entity 'BTU'
INFO: [VRFC 10-163] Analyzing VHDL file "C:/Users/croci/CAN/CAN.srcs/sources_1/new/Destuffing.vhd" into library xil_defaultlib
INFO: [VRFC 10-3107] analyzing entity 'Destuffing'
INFO: [VRFC 10-163] Analyzing VHDL file "C:/Users/croci/CAN/CAN.srcs/sources_1/new/deserializer.vhd" into library xil_defaultlib
INFO: [VRFC 10-3107] analyzing entity 'deserializer'
INFO: [VRFC 10-163] Analyzing VHDL file "C:/Users/croci/CAN/CAN.srcs/sources_1/new/CAN_RX_module.vhd" into library xil_defaultlib
INFO: [VRFC 10-3107] analyzing entity 'CAN_RX_module'
INFO: [VRFC 10-163] Analyzing VHDL file "C:/Users/croci/CAN/CAN.srcs/sources_1/new/fsm_rx.vhd" into library xil_defaultlib
INFO: [VRFC 10-3107] analyzing entity 'fsm_rx'
INFO: [VRFC 10-163] Analyzing VHDL file "C:/Users/croci/CAN/CAN.srcs/sources_1/new/mem_filterID.vhd" into library xil_defaultlib
INFO: [VRFC 10-3107] analyzing entity 'mem_filterID'
INFO: [VRFC 10-163] Analyzing VHDL file "C:/Users/croci/CAN/CAN.srcs/sources_1/new/top_level_RX.vhd" into library xil_defaultlib
INFO: [VRFC 10-3107] analyzing entity 'top_level_RX'
INFO: [VRFC 10-163] Analyzing VHDL file "C:/Users/croci/CAN/CAN.srcs/sources_1/new/driver_err.vhd" into library xil_defaultlib
INFO: [VRFC 10-3107] analyzing entity 'driver_err'
INFO: [VRFC 10-163] Analyzing VHDL file "C:/Users/croci/CAN/CAN.srcs/sources_1/new/builder_tx.vhd" into library xil_defaultlib
INFO: [VRFC 10-3107] analyzing entity 'builder_tx'
INFO: [VRFC 10-163] Analyzing VHDL file "C:/Users/croci/CAN/CAN.srcs/sources_1/new/deserializerTX.vhd" into library xil_defaultlib
INFO: [VRFC 10-3107] analyzing entity 'deserializerTX'
INFO: [VRFC 10-163] Analyzing VHDL file "C:/Users/croci/CAN/CAN.srcs/sources_1/new/serializer.vhd" into library xil_defaultlib
INFO: [VRFC 10-3107] analyzing entity 'serializer'
INFO: [VRFC 10-163] Analyzing VHDL file "C:/Users/croci/CAN/CAN.srcs/sources_1/new/driver_tx.vhd" into library xil_defaultlib
INFO: [VRFC 10-3107] analyzing entity 'driver_tx'
INFO: [VRFC 10-163] Analyzing VHDL file "C:/Users/croci/CAN/CAN.srcs/sources_1/new/can_readTX.vhd" into library xil_defaultlib
INFO: [VRFC 10-3107] analyzing entity 'can_readTX'
INFO: [VRFC 10-163] Analyzing VHDL file "C:/Users/croci/CAN/CAN.srcs/sources_1/new/bit_stuffer.vhd" into library xil_defaultlib
INFO: [VRFC 10-3107] analyzing entity 'bit_stuffer'
INFO: [VRFC 10-163] Analyzing VHDL file "C:/Users/croci/CAN/CAN.srcs/sources_1/new/arbiter.vhd" into library xil_defaultlib
INFO: [VRFC 10-3107] analyzing entity 'arbiter'
INFO: [VRFC 10-163] Analyzing VHDL file "C:/Users/croci/CAN/CAN.srcs/sources_1/new/top_level_tx.vhd" into library xil_defaultlib
INFO: [VRFC 10-3107] analyzing entity 'top_level_tx'
INFO: [VRFC 10-163] Analyzing VHDL file "C:/Users/croci/CAN/CAN.srcs/sources_1/new/fifo.vhd" into library xil_defaultlib
INFO: [VRFC 10-3107] analyzing entity 'fifo'
INFO: [VRFC 10-163] Analyzing VHDL file "C:/Users/croci/CAN/CAN.srcs/sources_1/new/error_manager.vhd" into library xil_defaultlib
INFO: [VRFC 10-3107] analyzing entity 'error_manager'
INFO: [VRFC 10-163] Analyzing VHDL file "C:/Users/croci/CAN/CAN.srcs/sources_1/new/can_node_top.vhd" into library xil_defaultlib
INFO: [VRFC 10-3107] analyzing entity 'can_node_top'
INFO: [VRFC 10-163] Analyzing VHDL file "C:/Users/croci/CAN/CAN.ip_user_files/bd/design_1/ipshared/a604/src/FF.vhd" into library xil_defaultlib
INFO: [VRFC 10-3107] analyzing entity 'FF'
INFO: [VRFC 10-163] Analyzing VHDL file "C:/Users/croci/CAN/CAN.ip_user_files/bd/design_1/ipshared/a604/src/BTU.vhd" into library xil_defaultlib
INFO: [VRFC 10-3107] analyzing entity 'BTU'
INFO: [VRFC 10-163] Analyzing VHDL file "C:/Users/croci/CAN/CAN.ip_user_files/bd/design_1/ipshared/a604/src/Destuffing.vhd" into library xil_defaultlib
INFO: [VRFC 10-3107] analyzing entity 'Destuffing'
INFO: [VRFC 10-163] Analyzing VHDL file "C:/Users/croci/CAN/CAN.ip_user_files/bd/design_1/ipshared/a604/src/deserializer.vhd" into library xil_defaultlib
INFO: [VRFC 10-3107] analyzing entity 'deserializer'
INFO: [VRFC 10-163] Analyzing VHDL file "C:/Users/croci/CAN/CAN.ip_user_files/bd/design_1/ipshared/a604/src/CAN_RX_module.vhd" into library xil_defaultlib
INFO: [VRFC 10-3107] analyzing entity 'CAN_RX_module'
INFO: [VRFC 10-163] Analyzing VHDL file "C:/Users/croci/CAN/CAN.ip_user_files/bd/design_1/ipshared/a604/src/fsm_rx.vhd" into library xil_defaultlib
INFO: [VRFC 10-3107] analyzing entity 'fsm_rx'
INFO: [VRFC 10-163] Analyzing VHDL file "C:/Users/croci/CAN/CAN.ip_user_files/bd/design_1/ipshared/a604/src/mem_filterID.vhd" into library xil_defaultlib
INFO: [VRFC 10-3107] analyzing entity 'mem_filterID'
INFO: [VRFC 10-163] Analyzing VHDL file "C:/Users/croci/CAN/CAN.ip_user_files/bd/design_1/ipshared/a604/src/top_level_RX.vhd" into library xil_defaultlib
INFO: [VRFC 10-3107] analyzing entity 'top_level_RX'
INFO: [VRFC 10-163] Analyzing VHDL file "C:/Users/croci/CAN/CAN.ip_user_files/bd/design_1/ipshared/a604/src/driver_err.vhd" into library xil_defaultlib
INFO: [VRFC 10-3107] analyzing entity 'driver_err'
INFO: [VRFC 10-163] Analyzing VHDL file "C:/Users/croci/CAN/CAN.ip_user_files/bd/design_1/ipshared/a604/src/builder_tx.vhd" into library xil_defaultlib
INFO: [VRFC 10-3107] analyzing entity 'builder_tx'
INFO: [VRFC 10-163] Analyzing VHDL file "C:/Users/croci/CAN/CAN.ip_user_files/bd/design_1/ipshared/a604/src/deserializerTX.vhd" into library xil_defaultlib
INFO: [VRFC 10-3107] analyzing entity 'deserializerTX'
INFO: [VRFC 10-163] Analyzing VHDL file "C:/Users/croci/CAN/CAN.ip_user_files/bd/design_1/ipshared/a604/src/serializer.vhd" into library xil_defaultlib
INFO: [VRFC 10-3107] analyzing entity 'serializer'
INFO: [VRFC 10-163] Analyzing VHDL file "C:/Users/croci/CAN/CAN.ip_user_files/bd/design_1/ipshared/a604/src/driver_tx.vhd" into library xil_defaultlib
INFO: [VRFC 10-3107] analyzing entity 'driver_tx'
INFO: [VRFC 10-163] Analyzing VHDL file "C:/Users/croci/CAN/CAN.ip_user_files/bd/design_1/ipshared/a604/src/can_readTX.vhd" into library xil_defaultlib
INFO: [VRFC 10-3107] analyzing entity 'can_readTX'
INFO: [VRFC 10-163] Analyzing VHDL file "C:/Users/croci/CAN/CAN.ip_user_files/bd/design_1/ipshared/a604/src/bit_stuffer.vhd" into library xil_defaultlib
INFO: [VRFC 10-3107] analyzing entity 'bit_stuffer'
INFO: [VRFC 10-163] Analyzing VHDL file "C:/Users/croci/CAN/CAN.ip_user_files/bd/design_1/ipshared/a604/src/arbiter.vhd" into library xil_defaultlib
INFO: [VRFC 10-3107] analyzing entity 'arbiter'
INFO: [VRFC 10-163] Analyzing VHDL file "C:/Users/croci/CAN/CAN.ip_user_files/bd/design_1/ipshared/a604/src/top_level_tx.vhd" into library xil_defaultlib
INFO: [VRFC 10-3107] analyzing entity 'top_level_tx'
INFO: [VRFC 10-163] Analyzing VHDL file "C:/Users/croci/CAN/CAN.ip_user_files/bd/design_1/ipshared/a604/src/fifo.vhd" into library xil_defaultlib
INFO: [VRFC 10-3107] analyzing entity 'fifo'
INFO: [VRFC 10-163] Analyzing VHDL file "C:/Users/croci/CAN/CAN.ip_user_files/bd/design_1/ipshared/a604/src/error_manager.vhd" into library xil_defaultlib
INFO: [VRFC 10-3107] analyzing entity 'error_manager'
INFO: [VRFC 10-163] Analyzing VHDL file "C:/Users/croci/CAN/CAN.ip_user_files/bd/design_1/ipshared/a604/src/can_node_top.vhd" into library xil_defaultlib
INFO: [VRFC 10-3107] analyzing entity 'can_node_top'
INFO: [VRFC 10-163] Analyzing VHDL file "C:/Users/croci/CAN/CAN.ip_user_files/bd/design_1/ip/design_1_can_node_top_0_0/sim/design_1_can_node_top_0_0.vhd" into library xil_defaultlib
INFO: [VRFC 10-3107] analyzing entity 'design_1_can_node_top_0_0'
INFO: [VRFC 10-163] Analyzing VHDL file "C:/Users/croci/CAN/CAN.ip_user_files/bd/design_1/sim/design_1.vhd" into library xil_defaultlib
INFO: [VRFC 10-3107] analyzing entity 'design_1'
INFO: [VRFC 10-163] Analyzing VHDL file "C:/Users/croci/CAN/CAN.gen/sources_1/bd/design_1/hdl/design_1_wrapper.vhd" into library xil_defaultlib
INFO: [VRFC 10-3107] analyzing entity 'design_1_wrapper'
INFO: [VRFC 10-163] Analyzing VHDL file "C:/Users/croci/CAN/CAN.srcs/sim_1/new/tb_can_bus1.vhd" into library xil_defaultlib
INFO: [VRFC 10-3107] analyzing entity 'tb_can_bus1'
