Time resolution is 1 ps
Stopped at time : 105 ns : File "C:/Users/croci/CAN/CAN.srcs/sim_1/new/tb_CAN_rx_module.vhd" Line 67
Stopped at time : 105 ns : File "C:/Users/croci/CAN/CAN.srcs/sources_1/new/FF.vhd" Line 51
Stopped at time : 105 ns : File "C:/Users/croci/CAN/CAN.srcs/sources_1/new/FF.vhd" Line 52
Stopped at time : 105 ns : File "C:/Users/croci/CAN/CAN.srcs/sources_1/new/FF.vhd" Line 53
Stopped at time : 105 ns : File "C:/Users/croci/CAN/CAN.srcs/sources_1/new/FF.vhd" Line 58
Stopped at time : 105 ns : File "C:/Users/croci/CAN/CAN.srcs/sources_1/new/BTU.vhd" Line 69
Stopped at time : 105 ns : File "C:/Users/croci/CAN/CAN.srcs/sources_1/new/BTU.vhd" Line 70
Stopped at time : 105 ns : File "C:/Users/croci/CAN/CAN.srcs/sources_1/new/BTU.vhd" Line 71
Stopped at time : 105 ns : File "C:/Users/croci/CAN/CAN.srcs/sources_1/new/BTU.vhd" Line 72
Stopped at time : 105 ns : File "C:/Users/croci/CAN/CAN.srcs/sources_1/new/Destuffing.vhd" Line 54
Stopped at time : 105 ns : File "C:/Users/croci/CAN/CAN.srcs/sources_1/new/Destuffing.vhd" Line 55
Stopped at time : 105 ns : File "C:/Users/croci/CAN/CAN.srcs/sources_1/new/Destuffing.vhd" Line 56
Stopped at time : 105 ns : File "C:/Users/croci/CAN/CAN.srcs/sources_1/new/Destuffing.vhd" Line 57
Stopped at time : 105 ns : File "C:/Users/croci/CAN/CAN.srcs/sources_1/new/Destuffing.vhd" Line 58
Stopped at time : 105 ns : File "C:/Users/croci/CAN/CAN.srcs/sources_1/new/Destuffing.vhd" Line 59
Stopped at time : 105 ns : File "C:/Users/croci/CAN/CAN.srcs/sources_1/new/Destuffing.vhd" Line 60
Stopped at time : 105 ns : File "C:/Users/croci/CAN/CAN.srcs/sources_1/new/deserializer.vhd" Line 65
Stopped at time : 105 ns : File "C:/Users/croci/CAN/CAN.srcs/sources_1/new/deserializer.vhd" Line 66
Stopped at time : 105 ns : File "C:/Users/croci/CAN/CAN.srcs/sources_1/new/deserializer.vhd" Line 67
Stopped at time : 105 ns : File "C:/Users/croci/CAN/CAN.srcs/sources_1/new/deserializer.vhd" Line 68
Stopped at time : 105 ns : File "C:/Users/croci/CAN/CAN.srcs/sources_1/new/deserializer.vhd" Line 69
Stopped at time : 105 ns : File "C:/Users/croci/CAN/CAN.srcs/sources_1/new/deserializer.vhd" Line 70
Stopped at time : 105 ns : File "C:/Users/croci/CAN/CAN.srcs/sources_1/new/deserializer.vhd" Line 71
Stopped at time : 105 ns : File "C:/Users/croci/CAN/CAN.srcs/sources_1/new/deserializer.vhd" Line 72
Stopped at time : 105 ns : File "C:/Users/croci/CAN/CAN.srcs/sources_1/new/deserializer.vhd" Line 73
Stopped at time : 105 ns : File "C:/Users/croci/CAN/CAN.srcs/sources_1/new/deserializer.vhd" Line 74
Stopped at time : 105 ns : File "C:/Users/croci/CAN/CAN.srcs/sources_1/new/deserializer.vhd" Line 75
Stopped at time : 105 ns : File "C:/Users/croci/CAN/CAN.srcs/sources_1/new/deserializer.vhd" Line 76
Stopped at time : 105 ns : File "C:/Users/croci/CAN/CAN.srcs/sources_1/new/deserializer.vhd" Line 77
Stopped at time : 105 ns : File "C:/Users/croci/CAN/CAN.srcs/sources_1/new/deserializer.vhd" Line 78
Stopped at time : 110 ns : File "C:/Users/croci/CAN/CAN.srcs/sim_1/new/tb_CAN_rx_module.vhd" Line 67
Stopped at time : 110 ns : File "C:/Users/croci/CAN/CAN.srcs/sources_1/new/FF.vhd" Line 51
Stopped at time : 110 ns : File "C:/Users/croci/CAN/CAN.srcs/sources_1/new/FF.vhd" Line 52
Stopped at time : 110 ns : File "C:/Users/croci/CAN/CAN.srcs/sources_1/new/FF.vhd" Line 53
Stopped at time : 110 ns : File "C:/Users/croci/CAN/CAN.srcs/sources_1/new/FF.vhd" Line 58
Stopped at time : 110 ns : File "C:/Users/croci/CAN/CAN.srcs/sources_1/new/BTU.vhd" Line 69
Stopped at time : 110 ns : File "C:/Users/croci/CAN/CAN.srcs/sources_1/new/BTU.vhd" Line 70
Stopped at time : 110 ns : File "C:/Users/croci/CAN/CAN.srcs/sources_1/new/BTU.vhd" Line 71
Stopped at time : 110 ns : File "C:/Users/croci/CAN/CAN.srcs/sources_1/new/BTU.vhd" Line 72
Stopped at time : 110 ns : File "C:/Users/croci/CAN/CAN.srcs/sources_1/new/Destuffing.vhd" Line 54
Stopped at time : 110 ns : File "C:/Users/croci/CAN/CAN.srcs/sources_1/new/Destuffing.vhd" Line 55
Stopped at time : 110 ns : File "C:/Users/croci/CAN/CAN.srcs/sources_1/new/Destuffing.vhd" Line 56
Stopped at time : 110 ns : File "C:/Users/croci/CAN/CAN.srcs/sources_1/new/Destuffing.vhd" Line 57
Stopped at time : 110 ns : File "C:/Users/croci/CAN/CAN.srcs/sources_1/new/Destuffing.vhd" Line 58
Stopped at time : 110 ns : File "C:/Users/croci/CAN/CAN.srcs/sources_1/new/Destuffing.vhd" Line 59
Stopped at time : 110 ns : File "C:/Users/croci/CAN/CAN.srcs/sources_1/new/Destuffing.vhd" Line 60
Stopped at time : 110 ns : File "C:/Users/croci/CAN/CAN.srcs/sources_1/new/deserializer.vhd" Line 65
Stopped at time : 110 ns : File "C:/Users/croci/CAN/CAN.srcs/sources_1/new/deserializer.vhd" Line 66
Stopped at time : 110 ns : File "C:/Users/croci/CAN/CAN.srcs/sources_1/new/deserializer.vhd" Line 67
Stopped at time : 110 ns : File "C:/Users/croci/CAN/CAN.srcs/sources_1/new/deserializer.vhd" Line 68
Stopped at time : 110 ns : File "C:/Users/croci/CAN/CAN.srcs/sources_1/new/deserializer.vhd" Line 69
Stopped at time : 110 ns : File "C:/Users/croci/CAN/CAN.srcs/sources_1/new/deserializer.vhd" Line 70
Stopped at time : 110 ns : File "C:/Users/croci/CAN/CAN.srcs/sources_1/new/deserializer.vhd" Line 71
Stopped at time : 110 ns : File "C:/Users/croci/CAN/CAN.srcs/sources_1/new/deserializer.vhd" Line 72
Stopped at time : 110 ns : File "C:/Users/croci/CAN/CAN.srcs/sources_1/new/deserializer.vhd" Line 73
Stopped at time : 110 ns : File "C:/Users/croci/CAN/CAN.srcs/sources_1/new/deserializer.vhd" Line 74
Stopped at time : 110 ns : File "C:/Users/croci/CAN/CAN.srcs/sources_1/new/deserializer.vhd" Line 75
Stopped at time : 110 ns : File "C:/Users/croci/CAN/CAN.srcs/sources_1/new/deserializer.vhd" Line 76
Stopped at time : 110 ns : File "C:/Users/croci/CAN/CAN.srcs/sources_1/new/deserializer.vhd" Line 77
Stopped at time : 110 ns : File "C:/Users/croci/CAN/CAN.srcs/sources_1/new/deserializer.vhd" Line 78
Stopped at time : 115 ns : File "C:/Users/croci/CAN/CAN.srcs/sim_1/new/tb_CAN_rx_module.vhd" Line 67
Stopped at time : 115 ns : File "C:/Users/croci/CAN/CAN.srcs/sources_1/new/FF.vhd" Line 51
Stopped at time : 115 ns : File "C:/Users/croci/CAN/CAN.srcs/sources_1/new/FF.vhd" Line 52
Stopped at time : 115 ns : File "C:/Users/croci/CAN/CAN.srcs/sources_1/new/FF.vhd" Line 53
Stopped at time : 115 ns : File "C:/Users/croci/CAN/CAN.srcs/sources_1/new/FF.vhd" Line 58
Stopped at time : 115 ns : File "C:/Users/croci/CAN/CAN.srcs/sources_1/new/BTU.vhd" Line 69
Stopped at time : 115 ns : File "C:/Users/croci/CAN/CAN.srcs/sources_1/new/BTU.vhd" Line 70
Stopped at time : 115 ns : File "C:/Users/croci/CAN/CAN.srcs/sources_1/new/BTU.vhd" Line 71
Stopped at time : 115 ns : File "C:/Users/croci/CAN/CAN.srcs/sources_1/new/BTU.vhd" Line 72
Stopped at time : 115 ns : File "C:/Users/croci/CAN/CAN.srcs/sources_1/new/Destuffing.vhd" Line 54
Stopped at time : 115 ns : File "C:/Users/croci/CAN/CAN.srcs/sources_1/new/Destuffing.vhd" Line 55
Stopped at time : 115 ns : File "C:/Users/croci/CAN/CAN.srcs/sources_1/new/Destuffing.vhd" Line 56
Stopped at time : 115 ns : File "C:/Users/croci/CAN/CAN.srcs/sources_1/new/Destuffing.vhd" Line 57
Stopped at time : 115 ns : File "C:/Users/croci/CAN/CAN.srcs/sources_1/new/Destuffing.vhd" Line 58
Stopped at time : 115 ns : File "C:/Users/croci/CAN/CAN.srcs/sources_1/new/Destuffing.vhd" Line 59
Stopped at time : 115 ns : File "C:/Users/croci/CAN/CAN.srcs/sources_1/new/Destuffing.vhd" Line 60
Stopped at time : 115 ns : File "C:/Users/croci/CAN/CAN.srcs/sources_1/new/deserializer.vhd" Line 65
Stopped at time : 115 ns : File "C:/Users/croci/CAN/CAN.srcs/sources_1/new/deserializer.vhd" Line 66
Stopped at time : 115 ns : File "C:/Users/croci/CAN/CAN.srcs/sources_1/new/deserializer.vhd" Line 67
Stopped at time : 115 ns : File "C:/Users/croci/CAN/CAN.srcs/sources_1/new/deserializer.vhd" Line 68
Stopped at time : 115 ns : File "C:/Users/croci/CAN/CAN.srcs/sources_1/new/deserializer.vhd" Line 69
Stopped at time : 115 ns : File "C:/Users/croci/CAN/CAN.srcs/sources_1/new/deserializer.vhd" Line 70
Stopped at time : 115 ns : File "C:/Users/croci/CAN/CAN.srcs/sources_1/new/deserializer.vhd" Line 71
Stopped at time : 115 ns : File "C:/Users/croci/CAN/CAN.srcs/sources_1/new/deserializer.vhd" Line 72
Stopped at time : 115 ns : File "C:/Users/croci/CAN/CAN.srcs/sources_1/new/deserializer.vhd" Line 73
Stopped at time : 115 ns : File "C:/Users/croci/CAN/CAN.srcs/sources_1/new/deserializer.vhd" Line 74
Stopped at time : 115 ns : File "C:/Users/croci/CAN/CAN.srcs/sources_1/new/deserializer.vhd" Line 75
Stopped at time : 115 ns : File "C:/Users/croci/CAN/CAN.srcs/sources_1/new/deserializer.vhd" Line 76
Stopped at time : 115 ns : File "C:/Users/croci/CAN/CAN.srcs/sources_1/new/deserializer.vhd" Line 77
Stopped at time : 115 ns : File "C:/Users/croci/CAN/CAN.srcs/sources_1/new/deserializer.vhd" Line 78
Stopped at time : 120 ns : File "C:/Users/croci/CAN/CAN.srcs/sim_1/new/tb_CAN_rx_module.vhd" Line 67
Stopped at time : 120 ns : File "C:/Users/croci/CAN/CAN.srcs/sources_1/new/FF.vhd" Line 51
Stopped at time : 120 ns : File "C:/Users/croci/CAN/CAN.srcs/sources_1/new/FF.vhd" Line 52
Stopped at time : 120 ns : File "C:/Users/croci/CAN/CAN.srcs/sources_1/new/FF.vhd" Line 53
Stopped at time : 120 ns : File "C:/Users/croci/CAN/CAN.srcs/sources_1/new/FF.vhd" Line 58
Stopped at time : 120 ns : File "C:/Users/croci/CAN/CAN.srcs/sources_1/new/BTU.vhd" Line 69
Stopped at time : 120 ns : File "C:/Users/croci/CAN/CAN.srcs/sources_1/new/BTU.vhd" Line 70
Stopped at time : 120 ns : File "C:/Users/croci/CAN/CAN.srcs/sources_1/new/BTU.vhd" Line 71
Stopped at time : 120 ns : File "C:/Users/croci/CAN/CAN.srcs/sources_1/new/BTU.vhd" Line 72
Stopped at time : 120 ns : File "C:/Users/croci/CAN/CAN.srcs/sources_1/new/Destuffing.vhd" Line 54
Stopped at time : 120 ns : File "C:/Users/croci/CAN/CAN.srcs/sources_1/new/Destuffing.vhd" Line 55
Stopped at time : 120 ns : File "C:/Users/croci/CAN/CAN.srcs/sources_1/new/Destuffing.vhd" Line 56
Stopped at time : 120 ns : File "C:/Users/croci/CAN/CAN.srcs/sources_1/new/Destuffing.vhd" Line 57
Stopped at time : 120 ns : File "C:/Users/croci/CAN/CAN.srcs/sources_1/new/Destuffing.vhd" Line 58
